<?xml version="1.0" encoding="UTF-8"?>
<testng-results ignored="0" total="1" passed="1" failed="0" skipped="0">
  <reporter-output>
  </reporter-output>
  <suite started-at="2020-04-01T10:41:01Z" name="Surefire suite" finished-at="2020-04-01T10:41:15Z" duration-ms="13404">
    <groups>
    </groups>
    <test started-at="2020-04-01T10:41:01Z" name="Surefire test" finished-at="2020-04-01T10:41:15Z" duration-ms="13404">
      <class name="com.herokuapp.theinternet.PositiveTests">
        <test-method signature="loginTest()[pri:0, instance:com.herokuapp.theinternet.PositiveTests@402bba4f]" started-at="2020-04-01T10:41:01Z" name="loginTest" finished-at="2020-04-01T10:41:15Z" duration-ms="13375" status="PASS">
          <reporter-output>
          </reporter-output>
        </test-method> <!-- loginTest -->
      </class> <!-- com.herokuapp.theinternet.PositiveTests -->
    </test> <!-- Surefire test -->
  </suite> <!-- Surefire suite -->
</testng-results>
