<?xml version="1.0" encoding="UTF-8"?>
<testng-results ignored="0" total="1" passed="1" failed="0" skipped="0">
  <reporter-output>
  </reporter-output>
  <suite started-at="2020-04-01T19:53:50Z" name="Default suite" finished-at="2020-04-01T19:54:04Z" duration-ms="14140">
    <groups>
    </groups>
    <test started-at="2020-04-01T19:53:50Z" name="Default test" finished-at="2020-04-01T19:54:04Z" duration-ms="14140">
      <class name="com.herokuapp.theinternet.NegativeTests">
        <test-method signature="negativeUsernameTest()[pri:0, instance:com.herokuapp.theinternet.NegativeTests@3a52dba3]" started-at="2020-04-01T19:53:50Z" name="negativeUsernameTest" finished-at="2020-04-01T19:54:04Z" duration-ms="14117" status="PASS">
          <reporter-output>
          </reporter-output>
        </test-method> <!-- negativeUsernameTest -->
      </class> <!-- com.herokuapp.theinternet.NegativeTests -->
    </test> <!-- Default test -->
  </suite> <!-- Default suite -->
</testng-results>
